C51 COMPILER V9.54   MAIN                                                                  08/01/2024 10:08:10 PAGE 1   


C51 COMPILER V9.54, COMPILATION OF MODULE MAIN
OBJECT MODULE PLACED IN .\Objects\main.obj
COMPILER INVOKED BY: D:\Keil_v5\C51\BIN\C51.EXE main.c OPTIMIZE(8,SPEED) BROWSE DEBUG OBJECTEXTEND PRINT(.\Listings\main
                    -.lst) TABS(2) OBJECT(.\Objects\main.obj)

line level    source

   1          #include <REGX52.H>
   2          #include "LCD1602.h"
   3          #include "DS1302.h"
   4          #include "Delay.h"
   5          #include "Key.h"
   6          #include "Timer0.h"
   7          
   8          unsigned char KeyNum,MODE,TimeSetSelect,TimeSetFlashFlag;
   9          
  10          void TimeShow()
  11          {
  12   1          DS1302_ReadTime();
  13   1          LCD_ShowNum(1,1,DS1302_Time[0],2);//年
  14   1          LCD_ShowNum(1,4,DS1302_Time[1],2);//月
  15   1          LCD_ShowNum(1,7,DS1302_Time[2],2);//日
  16   1          LCD_ShowNum(2,1,DS1302_Time[3],2);//时
  17   1          LCD_ShowNum(2,4,DS1302_Time[4],2);//分
  18   1          LCD_ShowNum(2,7,DS1302_Time[5],2);//秒
  19   1      }
  20          
  21          void TimeSet()
  22          {
  23   1        if(KeyNum==2)
  24   1        {
  25   2          TimeSetSelect++;
  26   2          TimeSetSelect%=6;
  27   2        }
  28   1        if(KeyNum==3)
  29   1        {
  30   2          DS1302_Time[TimeSetSelect]++;
  31   2          if(DS1302_Time[0]>99){DS1302_Time[0]=0;}//年越界判断
  32   2          if(DS1302_Time[1]>12){DS1302_Time[1]=1;}//月越界判断
  33   2          //大月31天
  34   2          if(DS1302_Time[1]==1 || DS1302_Time[1]==3 || DS1302_Time[1]==5 ||
  35   2            DS1302_Time[1]==7 || DS1302_Time[1]==8 || DS1302_Time[1]==10 || DS1302_Time[1]==12)
  36   2          {
  37   3            if(DS1302_Time[2]>31){DS1302_Time[2]=1;}
  38   3          }
  39   2          //小月30天
  40   2          else if(DS1302_Time[1]==4 || DS1302_Time[1]==6 || DS1302_Time[1]==9 ||
  41   2            DS1302_Time[1]==11)
  42   2          {
  43   3            if(DS1302_Time[2]>30){DS1302_Time[2]=1;}
  44   3          }
  45   2          //2月29或28天
  46   2          else if(DS1302_Time[1]==2)
  47   2          {
  48   3            if(DS1302_Time[0]%4==0)//平闰年判断
  49   3            {
  50   4              if(DS1302_Time[2]>29){DS1302_Time[2]=1;}
  51   4            }
  52   3            else
  53   3            {
  54   4              if(DS1302_Time[2]>28){DS1302_Time[2]=1;}
C51 COMPILER V9.54   MAIN                                                                  08/01/2024 10:08:10 PAGE 2   

  55   4            }
  56   3          }
  57   2          if(DS1302_Time[3]>23){DS1302_Time[3]=0;}//时越界判断
  58   2          if(DS1302_Time[4]>59){DS1302_Time[4]=0;}//分越界判断
  59   2          if(DS1302_Time[5]>59){DS1302_Time[5]=0;}//秒越界判断
  60   2        }
  61   1        if(KeyNum==4)
  62   1        {
  63   2          DS1302_Time[TimeSetSelect]--;
  64   2          if(DS1302_Time[0]<0){DS1302_Time[0]=99;}//年越界判断
  65   2          if(DS1302_Time[1]<1){DS1302_Time[1]=12;}//月越界判断
  66   2          //大月31天
  67   2          if(DS1302_Time[1]==1 || DS1302_Time[1]==3 || DS1302_Time[1]==5 ||
  68   2            DS1302_Time[1]==7 || DS1302_Time[1]==8 || DS1302_Time[1]==10 || DS1302_Time[1]==12)
  69   2          {
  70   3            if(DS1302_Time[2]<1){DS1302_Time[2]=31;}
  71   3            if(DS1302_Time[2]>31){DS1302_Time[2]=1;}
  72   3          }
  73   2          //小月30天
  74   2          else if(DS1302_Time[1]==4 || DS1302_Time[1]==6 || DS1302_Time[1]==9 ||
  75   2            DS1302_Time[1]==11)
  76   2          {
  77   3            if(DS1302_Time[2]<1){DS1302_Time[2]=30;}
  78   3            if(DS1302_Time[2]>30){DS1302_Time[2]=1;}
  79   3          }
  80   2          //2月29或28天
  81   2          else if(DS1302_Time[1]==2)
  82   2          {
  83   3            if(DS1302_Time[0]%4==0)//平闰年判断
  84   3            {
  85   4              if(DS1302_Time[2]<1){DS1302_Time[2]=29;}
  86   4              if(DS1302_Time[2]>29){DS1302_Time[2]=1;}
  87   4            }
  88   3            else
  89   3            {
  90   4              if(DS1302_Time[2]<1){DS1302_Time[2]=28;}
  91   4              if(DS1302_Time[2]>28){DS1302_Time[2]=1;}
  92   4            }
  93   3          }
  94   2          if(DS1302_Time[3]<1){DS1302_Time[3]=23;}//时越界判断
  95   2          if(DS1302_Time[4]<0){DS1302_Time[4]=59;}//分越界判断
  96   2          if(DS1302_Time[5]<0){DS1302_Time[5]=59;}//秒越界判断
  97   2        }
  98   1        //更新显示
  99   1        //year
 100   1        if(TimeSetSelect==0 && TimeSetFlashFlag==1){LCD_ShowString(1,1,"  ");}
 101   1        else{LCD_ShowNum(1,1,DS1302_Time[0],2);}//年
 102   1        //month
 103   1        if(TimeSetSelect==1 && TimeSetFlashFlag==1){LCD_ShowString(1,4,"  ");}
 104   1        else{LCD_ShowNum(1,4,DS1302_Time[1],2);}//月
 105   1        //date
 106   1        if(TimeSetSelect==2 && TimeSetFlashFlag==1){LCD_ShowString(1,7,"  ");}
 107   1        else{LCD_ShowNum(1,7,DS1302_Time[2],2);}//日
 108   1        //hour
 109   1        if(TimeSetSelect==3 && TimeSetFlashFlag==1){LCD_ShowString(2,1,"  ");}
 110   1        else{LCD_ShowNum(2,1,DS1302_Time[3],2);}//时
 111   1        //minute
 112   1        if(TimeSetSelect==4 && TimeSetFlashFlag==1){LCD_ShowString(2,4,"  ");}
 113   1        else{LCD_ShowNum(2,4,DS1302_Time[4],2);}//分
 114   1        //second
 115   1        if(TimeSetSelect==5 && TimeSetFlashFlag==1){LCD_ShowString(2,7,"  ");}
 116   1        else{LCD_ShowNum(2,7,DS1302_Time[5],2);}//秒
C51 COMPILER V9.54   MAIN                                                                  08/01/2024 10:08:10 PAGE 3   

 117   1        
 118   1        //LCD_ShowNum(2,10,TimeSetSelect,2);
 119   1        //LCD_ShowNum(2,13,TimeSetFlashFlag,2);
 120   1      }
 121          
 122          void main()
 123          {
 124   1        LCD_Init();
 125   1        DS1302_Init();
 126   1        Timer0Init();
 127   1        LCD_ShowString(1,1,"  -  -  ");
 128   1        LCD_ShowString(2,1,"  :  :  ");
 129   1      
 130   1        
 131   1        DS1302_SetTime();
 132   1        
 133   1        while(1)
 134   1        {
 135   2          KeyNum=Key();
 136   2          if(KeyNum==1)
 137   2          {
 138   3            if(MODE==0){MODE=1;TimeSetSelect=0;}
 139   3            else if(MODE==1){MODE=0;DS1302_SetTime();}
 140   3          }
 141   2          switch(MODE)
 142   2          {
 143   3            case 0:TimeShow();break;
 144   3            case 1:TimeSet();break;
 145   3          }
 146   2        }
 147   1      }
 148          
 149          void Timer0_Rountine() interrupt 1
 150          {
 151   1        static unsigned int T0Count;  //静态变量，退出函数后不丢失值
 152   1        T0Count++;
 153   1        TL0 = 0x18;   //重新赋初值，防止溢出后从0开始计数
 154   1        TH0 = 0xFC;
 155   1        if(T0Count>=500)  //每隔0.5秒执行一次
 156   1        {
 157   2          T0Count = 0;
 158   2          TimeSetFlashFlag=!TimeSetFlashFlag;
 159   2        }
 160   1      }


MODULE INFORMATION:   STATIC OVERLAYABLE
   CODE SIZE        =    971    ----
   CONSTANT SIZE    =     21    ----
   XDATA SIZE       =   ----    ----
   PDATA SIZE       =   ----    ----
   DATA SIZE        =      6    ----
   IDATA SIZE       =   ----    ----
   BIT SIZE         =   ----    ----
END OF MODULE INFORMATION.


C51 COMPILATION COMPLETE.  0 WARNING(S),  0 ERROR(S)
