C51 COMPILER V9.54   TIMER0                                                                07/30/2024 10:50:04 PAGE 1   


C51 COMPILER V9.54, COMPILATION OF MODULE TIMER0
OBJECT MODULE PLACED IN .\Objects\Timer0.obj
COMPILER INVOKED BY: D:\Keil_v5\C51\BIN\C51.EXE Timer0.c OPTIMIZE(8,SPEED) BROWSE DEBUG OBJECTEXTEND PRINT(.\Listings\Ti
                    -mer0.lst) TABS(2) OBJECT(.\Objects\Timer0.obj)

line level    source

   1          #include <REGX52.H>
   2          
   3          /**
   4            * @brief  定时器0初始化，1毫秒@12.000MHz
   5            * @param  无参数传入
   6            * @retval 无返回值
   7            */
   8          void Timer0Init(void)   //1毫秒@12.000MHz
   9          {
  10   1        TMOD &= 0xF0;   //设置定时器模式
  11   1        TMOD |= 0x01;   //设置定时器模式
  12   1        TL0 = 0x18;   //设置定时初值
  13   1        TH0 = 0xFC;   //设置定时初值
  14   1        TF0 = 0;    //清除TF0标志
  15   1        TR0 = 1;    //定时器0开始计时
  16   1        ET0=1;
  17   1        EA=1;
  18   1        PT0=0;
  19   1      }
  20          
  21          /*
  22          定时器中断函数模板
  23          void Timer0_Rountine() interrupt 1
  24          {
  25            static unsigned int T0Count;  //静态变量，退出函数后不丢失值
  26            T0Count++;
  27            TL0 = 0x18;   //重新赋初值，防止溢出后从0开始计数
  28            TH0 = 0xFC;
  29            if(T0Count>=1000) //每隔一秒执行一次
  30            {
  31              T0Count = 0;
  32              
  33            }
  34          }
  35          */


MODULE INFORMATION:   STATIC OVERLAYABLE
   CODE SIZE        =     23    ----
   CONSTANT SIZE    =   ----    ----
   XDATA SIZE       =   ----    ----
   PDATA SIZE       =   ----    ----
   DATA SIZE        =   ----    ----
   IDATA SIZE       =   ----    ----
   BIT SIZE         =   ----    ----
END OF MODULE INFORMATION.


C51 COMPILATION COMPLETE.  0 WARNING(S),  0 ERROR(S)
